2023-09-26 13:55:32,337 [Worker-6: Loading available Gradle versions] INFO  o.e.b.c.i.u.g.PublishedGradleVersions - Gradle version information cache is up-to-date. Trying to read.
2023-09-26 14:06:17,669 [Worker-5: Loading available Gradle versions] INFO  o.e.b.c.i.u.g.PublishedGradleVersions - Gradle version information cache is up-to-date. Trying to read.
2023-09-26 14:08:57,983 [Worker-10: Loading available Gradle versions] INFO  o.e.b.c.i.u.g.PublishedGradleVersions - Gradle version information cache is up-to-date. Trying to read.
2023-09-27 11:40:52,354 [Worker-7: Loading available Gradle versions] INFO  o.e.b.c.i.u.g.PublishedGradleVersions - Gradle version information cache is out-of-date. Trying to update.
2023-09-27 11:40:55,731 [Worker-10: Updating Maven Dependencies] INFO  o.e.m.c.i.p.r.ProjectRegistryRefreshJob - org.eclipse.m2e.core.internal.project.registry.ProjectRegistryRefreshJob was canceled
2023-09-27 11:41:04,041 [Worker-8: Loading available Gradle versions] INFO  o.e.b.c.i.u.g.PublishedGradleVersions - Gradle version information cache is up-to-date. Trying to read.
2023-09-27 11:43:07,342 [Worker-8: Loading available Gradle versions] INFO  o.e.b.c.i.u.g.PublishedGradleVersions - Gradle version information cache is up-to-date. Trying to read.
2023-09-27 11:44:42,882 [Worker-5: Loading available Gradle versions] INFO  o.e.b.c.i.u.g.PublishedGradleVersions - Gradle version information cache is up-to-date. Trying to read.
2023-09-29 09:11:26,780 [Worker-1: Loading available Gradle versions] INFO  o.e.b.c.i.u.g.PublishedGradleVersions - Gradle version information cache is out-of-date. Trying to update.
2023-09-29 11:48:48,935 [Worker-7: Loading available Gradle versions] INFO  o.e.b.c.i.u.g.PublishedGradleVersions - Gradle version information cache is up-to-date. Trying to read.
2023-09-30 00:18:43,914 [Worker-7: Loading available Gradle versions] INFO  o.e.b.c.i.u.g.PublishedGradleVersions - Gradle version information cache is up-to-date. Trying to read.
2023-10-02 12:26:02,497 [Worker-5: Loading available Gradle versions] INFO  o.e.b.c.i.u.g.PublishedGradleVersions - Gradle version information cache is out-of-date. Trying to update.
2023-10-02 21:47:54,990 [Worker-5: Loading available Gradle versions] INFO  o.e.b.c.i.u.g.PublishedGradleVersions - Gradle version information cache is up-to-date. Trying to read.
2023-10-03 08:57:41,270 [Worker-8: Loading available Gradle versions] INFO  o.e.b.c.i.u.g.PublishedGradleVersions - Gradle version information cache is up-to-date. Trying to read.
2023-10-06 09:00:54,837 [Worker-5: Loading available Gradle versions] INFO  o.e.b.c.i.u.g.PublishedGradleVersions - Gradle version information cache is out-of-date. Trying to update.
2023-10-06 09:10:02,982 [ModalContext] INFO  o.e.m.c.i.e.AbstractTransferListenerAdapter - Downloading https://repo.maven.apache.org/maven2/org/alfresco/maven/archetype/activiti-jar-archetype/3.1.0/activiti-jar-archetype-3.1.0.pom
2023-10-06 09:10:03,424 [ModalContext] INFO  o.e.m.c.i.e.AbstractTransferListenerAdapter - Downloaded https://repo.maven.apache.org/maven2/org/alfresco/maven/archetype/activiti-jar-archetype/3.1.0/activiti-jar-archetype-3.1.0.pom
2023-10-06 09:10:03,493 [ModalContext] INFO  o.e.m.c.i.e.AbstractTransferListenerAdapter - Downloading https://repo.maven.apache.org/maven2/org/alfresco/maven/alfresco-sdk-aggregator/3.1.0/alfresco-sdk-aggregator-3.1.0.pom
2023-10-06 09:10:03,643 [ModalContext] INFO  o.e.m.c.i.e.AbstractTransferListenerAdapter - Downloaded https://repo.maven.apache.org/maven2/org/alfresco/maven/alfresco-sdk-aggregator/3.1.0/alfresco-sdk-aggregator-3.1.0.pom
2023-10-06 09:10:03,778 [ModalContext] INFO  o.e.m.c.i.e.AbstractTransferListenerAdapter - Downloading https://repo.maven.apache.org/maven2/org/alfresco/maven/archetype/activiti-jar-archetype/3.1.0/activiti-jar-archetype-3.1.0.jar
2023-10-06 09:10:04,184 [ModalContext] INFO  o.e.m.c.i.e.AbstractTransferListenerAdapter - Downloaded https://repo.maven.apache.org/maven2/org/alfresco/maven/archetype/activiti-jar-archetype/3.1.0/activiti-jar-archetype-3.1.0.jar
2023-10-06 09:10:04,198 [ModalContext] ERROR o.e.m.c.u.i.w.MavenProjectWizardArchetypeParametersPage - Error downloading archetype org.alfresco.maven.archetype:activiti-jar-archetype:3.1.0
org.eclipse.core.runtime.CoreException: UnknownArchetype
	at org.eclipse.m2e.core.ui.internal.archetype.ArchetypePlugin.lambda$1(ArchetypePlugin.java:233)
	at org.eclipse.m2e.core.internal.embedder.MavenExecutionContext.executeBare(MavenExecutionContext.java:394)
	at org.eclipse.m2e.core.internal.embedder.MavenExecutionContext.execute(MavenExecutionContext.java:275)
	at org.eclipse.m2e.core.internal.embedder.MavenExecutionContext.execute(MavenExecutionContext.java:214)
	at org.eclipse.m2e.core.ui.internal.archetype.ArchetypePlugin.getRequiredProperties(ArchetypePlugin.java:224)
	at org.eclipse.m2e.core.ui.internal.wizards.MavenProjectWizardArchetypeParametersPage$RequiredPropertiesLoader.run(MavenProjectWizardArchetypeParametersPage.java:478)
	at org.eclipse.jface.operation.ModalContext$ModalContextThread.run(ModalContext.java:122)
Caused by: org.apache.maven.archetype.exception.UnknownArchetype: org.codehaus.plexus.util.xml.pull.XmlPullParserException: in epilog non whitespace content is not allowed but got R (position: END_TAG seen ...</archetype-descriptor>\nR... @68:2) 
	at org.apache.maven.archetype.common.DefaultArchetypeArtifactManager.getFileSetArchetypeDescriptor(DefaultArchetypeArtifactManager.java:295)
	at org.apache.maven.archetype.common.DefaultArchetypeArtifactManager.getFileSetArchetypeDescriptor(DefaultArchetypeArtifactManager.java:312)
	at org.eclipse.m2e.core.ui.internal.archetype.ArchetypePlugin.lambda$1(ArchetypePlugin.java:230)
	... 6 common frames omitted
Caused by: org.codehaus.plexus.util.xml.pull.XmlPullParserException: in epilog non whitespace content is not allowed but got R (position: END_TAG seen ...</archetype-descriptor>\nR... @68:2) 
	at org.codehaus.plexus.util.xml.pull.MXParser.parseEpilog(MXParser.java:2090)
	at org.codehaus.plexus.util.xml.pull.MXParser.nextImpl(MXParser.java:1753)
	at org.codehaus.plexus.util.xml.pull.MXParser.next(MXParser.java:1375)
	at org.apache.maven.archetype.metadata.io.xpp3.ArchetypeDescriptorXpp3Reader.read(ArchetypeDescriptorXpp3Reader.java:1026)
	at org.apache.maven.archetype.metadata.io.xpp3.ArchetypeDescriptorXpp3Reader.read(ArchetypeDescriptorXpp3Reader.java:557)
	at org.apache.maven.archetype.common.DefaultArchetypeArtifactManager.loadFileSetArchetypeDescriptor(DefaultArchetypeArtifactManager.java:433)
	at org.apache.maven.archetype.common.DefaultArchetypeArtifactManager.getFileSetArchetypeDescriptor(DefaultArchetypeArtifactManager.java:291)
	... 8 common frames omitted
2023-10-06 09:11:12,942 [Worker-27: Launching mavenrun-db77fb17-8c17-4ea1-9e45-5a7ac0fb87be] INFO  o.eclipse.m2e.core.internal.Bundles - getClasspathEntries(Bundle=org.eclipse.m2e.maven.runtime_3.9.400.20230826-0755 [623])
2023-10-06 09:11:12,943 [Worker-27: Launching mavenrun-db77fb17-8c17-4ea1-9e45-5a7ac0fb87be] INFO  o.eclipse.m2e.core.internal.Bundles - 	Entry: C:\Users\aidaf\.p2\pool\plugins\org.eclipse.m2e.maven.runtime_3.9.400.20230826-0755
2023-10-06 09:11:12,944 [Worker-27: Launching mavenrun-db77fb17-8c17-4ea1-9e45-5a7ac0fb87be] INFO  o.eclipse.m2e.core.internal.Bundles - 	Entry: C:\Users\aidaf\.p2\pool\plugins\org.eclipse.m2e.maven.runtime_3.9.400.20230826-0755\jars\aether-connector-okhttp-0.17.8.jar
2023-10-06 09:11:12,944 [Worker-27: Launching mavenrun-db77fb17-8c17-4ea1-9e45-5a7ac0fb87be] INFO  o.eclipse.m2e.core.internal.Bundles - 	Entry: C:\Users\aidaf\.p2\pool\plugins\org.eclipse.m2e.maven.runtime_3.9.400.20230826-0755\jars\aopalliance-1.0.jar
2023-10-06 09:11:12,944 [Worker-27: Launching mavenrun-db77fb17-8c17-4ea1-9e45-5a7ac0fb87be] INFO  o.eclipse.m2e.core.internal.Bundles - 	Entry: C:\Users\aidaf\.p2\pool\plugins\org.eclipse.m2e.maven.runtime_3.9.400.20230826-0755\jars\commons-lang3-3.12.0.jar
2023-10-06 09:11:12,944 [Worker-27: Launching mavenrun-db77fb17-8c17-4ea1-9e45-5a7ac0fb87be] INFO  o.eclipse.m2e.core.internal.Bundles - 	Entry: C:\Users\aidaf\.p2\pool\plugins\org.eclipse.m2e.maven.runtime_3.9.400.20230826-0755\jars\guice-5.1.0.jar
2023-10-06 09:11:12,944 [Worker-27: Launching mavenrun-db77fb17-8c17-4ea1-9e45-5a7ac0fb87be] INFO  o.eclipse.m2e.core.internal.Bundles - 	Entry: C:\Users\aidaf\.p2\pool\plugins\org.eclipse.m2e.maven.runtime_3.9.400.20230826-0755\jars\jansi-2.4.0.jar
2023-10-06 09:11:12,945 [Worker-27: Launching mavenrun-db77fb17-8c17-4ea1-9e45-5a7ac0fb87be] INFO  o.eclipse.m2e.core.internal.Bundles - 	Entry: C:\Users\aidaf\.p2\pool\plugins\org.eclipse.m2e.maven.runtime_3.9.400.20230826-0755\jars\maven-artifact-3.9.4.jar
2023-10-06 09:11:12,945 [Worker-27: Launching mavenrun-db77fb17-8c17-4ea1-9e45-5a7ac0fb87be] INFO  o.eclipse.m2e.core.internal.Bundles - 	Entry: C:\Users\aidaf\.p2\pool\plugins\org.eclipse.m2e.maven.runtime_3.9.400.20230826-0755\jars\maven-builder-support-3.9.4.jar
2023-10-06 09:11:12,945 [Worker-27: Launching mavenrun-db77fb17-8c17-4ea1-9e45-5a7ac0fb87be] INFO  o.eclipse.m2e.core.internal.Bundles - 	Entry: C:\Users\aidaf\.p2\pool\plugins\org.eclipse.m2e.maven.runtime_3.9.400.20230826-0755\jars\maven-compat-3.9.4.jar
2023-10-06 09:11:12,945 [Worker-27: Launching mavenrun-db77fb17-8c17-4ea1-9e45-5a7ac0fb87be] INFO  o.eclipse.m2e.core.internal.Bundles - 	Entry: C:\Users\aidaf\.p2\pool\plugins\org.eclipse.m2e.maven.runtime_3.9.400.20230826-0755\jars\maven-core-3.9.4.jar
2023-10-06 09:11:12,945 [Worker-27: Launching mavenrun-db77fb17-8c17-4ea1-9e45-5a7ac0fb87be] INFO  o.eclipse.m2e.core.internal.Bundles - 	Entry: C:\Users\aidaf\.p2\pool\plugins\org.eclipse.m2e.maven.runtime_3.9.400.20230826-0755\jars\maven-embedder-3.9.4.jar
2023-10-06 09:11:12,945 [Worker-27: Launching mavenrun-db77fb17-8c17-4ea1-9e45-5a7ac0fb87be] INFO  o.eclipse.m2e.core.internal.Bundles - 	Entry: C:\Users\aidaf\.p2\pool\plugins\org.eclipse.m2e.maven.runtime_3.9.400.20230826-0755\jars\maven-model-3.9.4.jar
2023-10-06 09:11:12,946 [Worker-27: Launching mavenrun-db77fb17-8c17-4ea1-9e45-5a7ac0fb87be] INFO  o.eclipse.m2e.core.internal.Bundles - 	Entry: C:\Users\aidaf\.p2\pool\plugins\org.eclipse.m2e.maven.runtime_3.9.400.20230826-0755\jars\maven-model-builder-3.9.4.jar
2023-10-06 09:11:12,946 [Worker-27: Launching mavenrun-db77fb17-8c17-4ea1-9e45-5a7ac0fb87be] INFO  o.eclipse.m2e.core.internal.Bundles - 	Entry: C:\Users\aidaf\.p2\pool\plugins\org.eclipse.m2e.maven.runtime_3.9.400.20230826-0755\jars\maven-plugin-api-3.9.4.jar
2023-10-06 09:11:12,946 [Worker-27: Launching mavenrun-db77fb17-8c17-4ea1-9e45-5a7ac0fb87be] INFO  o.eclipse.m2e.core.internal.Bundles - 	Entry: C:\Users\aidaf\.p2\pool\plugins\org.eclipse.m2e.maven.runtime_3.9.400.20230826-0755\jars\maven-repository-metadata-3.9.4.jar
2023-10-06 09:11:12,946 [Worker-27: Launching mavenrun-db77fb17-8c17-4ea1-9e45-5a7ac0fb87be] INFO  o.eclipse.m2e.core.internal.Bundles - 	Entry: C:\Users\aidaf\.p2\pool\plugins\org.eclipse.m2e.maven.runtime_3.9.400.20230826-0755\jars\maven-resolver-api-1.9.14.jar
2023-10-06 09:11:12,946 [Worker-27: Launching mavenrun-db77fb17-8c17-4ea1-9e45-5a7ac0fb87be] INFO  o.eclipse.m2e.core.internal.Bundles - 	Entry: C:\Users\aidaf\.p2\pool\plugins\org.eclipse.m2e.maven.runtime_3.9.400.20230826-0755\jars\maven-resolver-connector-basic-1.9.14.jar
2023-10-06 09:11:12,946 [Worker-27: Launching mavenrun-db77fb17-8c17-4ea1-9e45-5a7ac0fb87be] INFO  o.eclipse.m2e.core.internal.Bundles - 	Entry: C:\Users\aidaf\.p2\pool\plugins\org.eclipse.m2e.maven.runtime_3.9.400.20230826-0755\jars\maven-resolver-impl-1.9.14.jar
2023-10-06 09:11:12,947 [Worker-27: Launching mavenrun-db77fb17-8c17-4ea1-9e45-5a7ac0fb87be] INFO  o.eclipse.m2e.core.internal.Bundles - 	Entry: C:\Users\aidaf\.p2\pool\plugins\org.eclipse.m2e.maven.runtime_3.9.400.20230826-0755\jars\maven-resolver-named-locks-1.9.14.jar
2023-10-06 09:11:12,947 [Worker-27: Launching mavenrun-db77fb17-8c17-4ea1-9e45-5a7ac0fb87be] INFO  o.eclipse.m2e.core.internal.Bundles - 	Entry: C:\Users\aidaf\.p2\pool\plugins\org.eclipse.m2e.maven.runtime_3.9.400.20230826-0755\jars\maven-resolver-provider-3.9.4.jar
2023-10-06 09:11:12,947 [Worker-27: Launching mavenrun-db77fb17-8c17-4ea1-9e45-5a7ac0fb87be] INFO  o.eclipse.m2e.core.internal.Bundles - 	Entry: C:\Users\aidaf\.p2\pool\plugins\org.eclipse.m2e.maven.runtime_3.9.400.20230826-0755\jars\maven-resolver-spi-1.9.14.jar
2023-10-06 09:11:12,947 [Worker-27: Launching mavenrun-db77fb17-8c17-4ea1-9e45-5a7ac0fb87be] INFO  o.eclipse.m2e.core.internal.Bundles - 	Entry: C:\Users\aidaf\.p2\pool\plugins\org.eclipse.m2e.maven.runtime_3.9.400.20230826-0755\jars\maven-resolver-transport-wagon-1.9.14.jar
2023-10-06 09:11:12,947 [Worker-27: Launching mavenrun-db77fb17-8c17-4ea1-9e45-5a7ac0fb87be] INFO  o.eclipse.m2e.core.internal.Bundles - 	Entry: C:\Users\aidaf\.p2\pool\plugins\org.eclipse.m2e.maven.runtime_3.9.400.20230826-0755\jars\maven-resolver-util-1.9.14.jar
2023-10-06 09:11:12,947 [Worker-27: Launching mavenrun-db77fb17-8c17-4ea1-9e45-5a7ac0fb87be] INFO  o.eclipse.m2e.core.internal.Bundles - 	Entry: C:\Users\aidaf\.p2\pool\plugins\org.eclipse.m2e.maven.runtime_3.9.400.20230826-0755\jars\maven-settings-3.9.4.jar
2023-10-06 09:11:12,948 [Worker-27: Launching mavenrun-db77fb17-8c17-4ea1-9e45-5a7ac0fb87be] INFO  o.eclipse.m2e.core.internal.Bundles - 	Entry: C:\Users\aidaf\.p2\pool\plugins\org.eclipse.m2e.maven.runtime_3.9.400.20230826-0755\jars\maven-settings-builder-3.9.4.jar
2023-10-06 09:11:12,948 [Worker-27: Launching mavenrun-db77fb17-8c17-4ea1-9e45-5a7ac0fb87be] INFO  o.eclipse.m2e.core.internal.Bundles - 	Entry: C:\Users\aidaf\.p2\pool\plugins\org.eclipse.m2e.maven.runtime_3.9.400.20230826-0755\jars\maven-shared-utils-3.3.4.jar
2023-10-06 09:11:12,948 [Worker-27: Launching mavenrun-db77fb17-8c17-4ea1-9e45-5a7ac0fb87be] INFO  o.eclipse.m2e.core.internal.Bundles - 	Entry: C:\Users\aidaf\.p2\pool\plugins\org.eclipse.m2e.maven.runtime_3.9.400.20230826-0755\jars\okhttp-3.14.1.jar
2023-10-06 09:11:12,948 [Worker-27: Launching mavenrun-db77fb17-8c17-4ea1-9e45-5a7ac0fb87be] INFO  o.eclipse.m2e.core.internal.Bundles - 	Entry: C:\Users\aidaf\.p2\pool\plugins\org.eclipse.m2e.maven.runtime_3.9.400.20230826-0755\jars\okio-1.17.3.jar
2023-10-06 09:11:12,948 [Worker-27: Launching mavenrun-db77fb17-8c17-4ea1-9e45-5a7ac0fb87be] INFO  o.eclipse.m2e.core.internal.Bundles - 	Entry: C:\Users\aidaf\.p2\pool\plugins\org.eclipse.m2e.maven.runtime_3.9.400.20230826-0755\jars\org.eclipse.sisu.inject-0.3.5.jar
2023-10-06 09:11:12,948 [Worker-27: Launching mavenrun-db77fb17-8c17-4ea1-9e45-5a7ac0fb87be] INFO  o.eclipse.m2e.core.internal.Bundles - 	Entry: C:\Users\aidaf\.p2\pool\plugins\org.eclipse.m2e.maven.runtime_3.9.400.20230826-0755\jars\org.eclipse.sisu.plexus-0.3.5.jar
2023-10-06 09:11:12,949 [Worker-27: Launching mavenrun-db77fb17-8c17-4ea1-9e45-5a7ac0fb87be] INFO  o.eclipse.m2e.core.internal.Bundles - 	Entry: C:\Users\aidaf\.p2\pool\plugins\org.eclipse.m2e.maven.runtime_3.9.400.20230826-0755\jars\plexus-build-api-0.0.7.jar
2023-10-06 09:11:12,949 [Worker-27: Launching mavenrun-db77fb17-8c17-4ea1-9e45-5a7ac0fb87be] INFO  o.eclipse.m2e.core.internal.Bundles - 	Entry: C:\Users\aidaf\.p2\pool\plugins\org.eclipse.m2e.maven.runtime_3.9.400.20230826-0755\jars\plexus-cipher-2.0.jar
2023-10-06 09:11:12,949 [Worker-27: Launching mavenrun-db77fb17-8c17-4ea1-9e45-5a7ac0fb87be] INFO  o.eclipse.m2e.core.internal.Bundles - 	Entry: C:\Users\aidaf\.p2\pool\plugins\org.eclipse.m2e.maven.runtime_3.9.400.20230826-0755\jars\plexus-classworlds-2.7.0.jar
2023-10-06 09:11:12,949 [Worker-27: Launching mavenrun-db77fb17-8c17-4ea1-9e45-5a7ac0fb87be] INFO  o.eclipse.m2e.core.internal.Bundles - 	Entry: C:\Users\aidaf\.p2\pool\plugins\org.eclipse.m2e.maven.runtime_3.9.400.20230826-0755\jars\plexus-component-annotations-2.1.0.jar
2023-10-06 09:11:12,949 [Worker-27: Launching mavenrun-db77fb17-8c17-4ea1-9e45-5a7ac0fb87be] INFO  o.eclipse.m2e.core.internal.Bundles - 	Entry: C:\Users\aidaf\.p2\pool\plugins\org.eclipse.m2e.maven.runtime_3.9.400.20230826-0755\jars\plexus-interpolation-1.26.jar
2023-10-06 09:11:12,949 [Worker-27: Launching mavenrun-db77fb17-8c17-4ea1-9e45-5a7ac0fb87be] INFO  o.eclipse.m2e.core.internal.Bundles - 	Entry: C:\Users\aidaf\.p2\pool\plugins\org.eclipse.m2e.maven.runtime_3.9.400.20230826-0755\jars\plexus-sec-dispatcher-2.0.jar
2023-10-06 09:11:12,950 [Worker-27: Launching mavenrun-db77fb17-8c17-4ea1-9e45-5a7ac0fb87be] INFO  o.eclipse.m2e.core.internal.Bundles - 	Entry: C:\Users\aidaf\.p2\pool\plugins\org.eclipse.m2e.maven.runtime_3.9.400.20230826-0755\jars\plexus-utils-3.5.1.jar
2023-10-06 09:11:12,950 [Worker-27: Launching mavenrun-db77fb17-8c17-4ea1-9e45-5a7ac0fb87be] INFO  o.eclipse.m2e.core.internal.Bundles - 	Entry: C:\Users\aidaf\.p2\pool\plugins\org.eclipse.m2e.maven.runtime_3.9.400.20230826-0755\jars\wagon-file-3.5.3.jar
2023-10-06 09:11:12,950 [Worker-27: Launching mavenrun-db77fb17-8c17-4ea1-9e45-5a7ac0fb87be] INFO  o.eclipse.m2e.core.internal.Bundles - 	Entry: C:\Users\aidaf\.p2\pool\plugins\org.eclipse.m2e.maven.runtime_3.9.400.20230826-0755\jars\wagon-provider-api-3.5.3.jar
2023-10-06 09:11:12,951 [Worker-27: Launching mavenrun-db77fb17-8c17-4ea1-9e45-5a7ac0fb87be] INFO  o.eclipse.m2e.core.internal.Bundles - getClasspathEntries(Bundle=com.google.guava_32.1.2.jre [12])
2023-10-06 09:11:12,951 [Worker-27: Launching mavenrun-db77fb17-8c17-4ea1-9e45-5a7ac0fb87be] INFO  o.eclipse.m2e.core.internal.Bundles - 	Entry: C:\Users\aidaf\.p2\pool\plugins\com.google.guava_32.1.2.jre.jar
2023-10-06 09:11:12,952 [Worker-27: Launching mavenrun-db77fb17-8c17-4ea1-9e45-5a7ac0fb87be] INFO  o.eclipse.m2e.core.internal.Bundles - getClasspathEntries(Bundle=slf4j.api_2.0.7 [984])
2023-10-06 09:11:12,952 [Worker-27: Launching mavenrun-db77fb17-8c17-4ea1-9e45-5a7ac0fb87be] INFO  o.eclipse.m2e.core.internal.Bundles - 	Entry: C:\Users\aidaf\.p2\pool\plugins\slf4j.api_2.0.7.jar
2023-10-06 09:11:12,952 [Worker-27: Launching mavenrun-db77fb17-8c17-4ea1-9e45-5a7ac0fb87be] INFO  o.eclipse.m2e.core.internal.Bundles - getClasspathEntries(Bundle=javax.inject_1.0.0.v20220405-0441 [38])
2023-10-06 09:11:12,952 [Worker-27: Launching mavenrun-db77fb17-8c17-4ea1-9e45-5a7ac0fb87be] INFO  o.eclipse.m2e.core.internal.Bundles - 	Entry: C:\Users\aidaf\.p2\pool\plugins\javax.inject_1.0.0.v20220405-0441.jar
2023-10-06 09:11:12,952 [Worker-27: Launching mavenrun-db77fb17-8c17-4ea1-9e45-5a7ac0fb87be] INFO  o.eclipse.m2e.core.internal.Bundles - getClasspathEntries(Bundle=javax.annotation_1.3.5.v20200909-1856 [36])
2023-10-06 09:11:12,953 [Worker-27: Launching mavenrun-db77fb17-8c17-4ea1-9e45-5a7ac0fb87be] INFO  o.eclipse.m2e.core.internal.Bundles - 	Entry: C:\Users\aidaf\.p2\pool\plugins\javax.annotation_1.3.5.v20200909-1856.jar
2023-10-06 09:11:12,953 [Worker-27: Launching mavenrun-db77fb17-8c17-4ea1-9e45-5a7ac0fb87be] INFO  o.eclipse.m2e.core.internal.Bundles - getClasspathEntries(Bundle=org.apache.commons.cli_1.5.0 [73])
2023-10-06 09:11:12,953 [Worker-27: Launching mavenrun-db77fb17-8c17-4ea1-9e45-5a7ac0fb87be] INFO  o.eclipse.m2e.core.internal.Bundles - 	Entry: C:\Users\aidaf\.p2\pool\plugins\org.apache.commons.cli_1.5.0.jar
2023-10-06 09:11:12,953 [Worker-27: Launching mavenrun-db77fb17-8c17-4ea1-9e45-5a7ac0fb87be] INFO  o.eclipse.m2e.core.internal.Bundles - getClasspathEntries(Bundle=com.google.guava.failureaccess_1.0.1 [14])
2023-10-06 09:11:12,953 [Worker-27: Launching mavenrun-db77fb17-8c17-4ea1-9e45-5a7ac0fb87be] INFO  o.eclipse.m2e.core.internal.Bundles - 	Entry: C:\Users\aidaf\.p2\pool\plugins\com.google.guava.failureaccess_1.0.1.jar
2023-10-06 09:11:12,957 [Worker-27: Launching mavenrun-db77fb17-8c17-4ea1-9e45-5a7ac0fb87be] INFO  o.e.m.i.launch.MavenLaunchDelegate - Run build in "C:\Users\aidaf\AppData\Local\Temp\m2e-archetypeGenerator7124703247300508448":
2023-10-06 09:11:13,008 [Worker-27: Launching mavenrun-db77fb17-8c17-4ea1-9e45-5a7ac0fb87be] INFO  o.e.m.i.launch.MavenLaunchDelegate -  mvn  -DarchetypeGroupId=org.alfresco.maven.archetype -DarchetypeArtifactId=activiti-jar-archetype -DarchetypeVersion=3.1.0 -DgroupId=aida -DartifactId=es.psp -Dversion=0.0.1-SNAPSHOT -Dpackage=aida.es.psp -DoutputDirectory=C:\Users\aidaf\eclipse-workspace\MiniProyects -Dstyle.color=always -U archetype:generate
2023-10-09 12:46:12,689 [Worker-3: Loading available Gradle versions] INFO  o.e.b.c.i.u.g.PublishedGradleVersions - Gradle version information cache is out-of-date. Trying to update.
2023-10-10 09:07:06,974 [Worker-5: Loading available Gradle versions] INFO  o.e.b.c.i.u.g.PublishedGradleVersions - Gradle version information cache is up-to-date. Trying to read.
2023-10-10 10:26:44,758 [Worker-8: Loading available Gradle versions] INFO  o.e.b.c.i.u.g.PublishedGradleVersions - Gradle version information cache is up-to-date. Trying to read.
